<?xml version="1.0" encoding="UTF-8"?>
<!-- Generated by org.testng.reporters.JUnitReportReporter -->
<testsuite hostname="Kunal" failures="0" tests="1" name="orangeHRM.LoginPage" time="2.213" errors="0" timestamp="2024-06-13T10:45:34 IST" skipped="0">
  <testcase classname="orangeHRM.LoginPage" name="verifyLogin" time="2.213"/>
</testsuite> <!-- orangeHRM.LoginPage -->
